\BOOKMARK [0][-]{Doc-Start}{Curriculum Vitae}{}% 1
\BOOKMARK [0][-]{Doc-Start}{Abstract}{}% 2
\BOOKMARK [0][-]{chapter.1}{Introduction}{}% 3
\BOOKMARK [0][-]{chapter.2}{Tangled is the web we weave}{}% 4
\BOOKMARK [1][-]{section.2.1}{Introduction}{chapter.2}% 5
\BOOKMARK [1][-]{section.2.2}{Methods}{chapter.2}% 6
\BOOKMARK [1][-]{section.2.3}{Discussion}{chapter.2}% 7
\BOOKMARK [1][-]{section.2.4}{Concluding Remarks}{chapter.2}% 8
\BOOKMARK [0][-]{chapter.3}{Untangling uncertainty in food web models}{}% 9
\BOOKMARK [1][-]{section.3.1}{Introduction}{chapter.3}% 10
\BOOKMARK [1][-]{section.3.2}{Methods}{chapter.3}% 11
\BOOKMARK [1][-]{section.3.3}{Results}{chapter.3}% 12
\BOOKMARK [1][-]{section.3.4}{Discussion}{chapter.3}% 13
\BOOKMARK [0][-]{chapter.4}{Ecosystem knowledge in Bayesian surplus production models\205what can it tell us?}{}% 14
\BOOKMARK [1][-]{section.4.1}{Introduction}{chapter.4}% 15
\BOOKMARK [1][-]{section.4.2}{Methods}{chapter.4}% 16
\BOOKMARK [1][-]{section.4.3}{Results}{chapter.4}% 17
\BOOKMARK [1][-]{section.4.4}{Discussion}{chapter.4}% 18
\BOOKMARK [0][-]{appendix.A}{Appendix for Chapter 2: Tangled is the web we weave}{}% 19
\BOOKMARK [1][-]{section.A.1}{Decision trees}{appendix.A}% 20
\BOOKMARK [1][-]{section.A.2}{Fitting approximate distributions}{appendix.A}% 21
\BOOKMARK [1][-]{section.A.3}{SeaWiFS}{appendix.A}% 22
\BOOKMARK [1][-]{section.A.4}{R packages and versions}{appendix.A}% 23
\BOOKMARK [0][-]{appendix.B}{Appendix for Chapter 3: Untangling uncertainty in food web models}{}% 24
\BOOKMARK [1][-]{section.B.1}{Marginal Distributions}{appendix.B}% 25
\BOOKMARK [1][-]{section.B.2}{Table of Distributions}{appendix.B}% 26
\BOOKMARK [1][-]{section.B.3}{R packages and versions}{appendix.B}% 27
\BOOKMARK [0][-]{appendix.C}{Appendix for Chapter 4: Ecosystem knowledge in Bayesian surplus production models\205what can it tell us?}{}% 28
\BOOKMARK [1][-]{section.C.1}{Data}{appendix.C}% 29
\BOOKMARK [1][-]{section.C.2}{Table of Distributions}{appendix.C}% 30
\BOOKMARK [1][-]{section.C.3}{R packages and versions}{appendix.C}% 31
