This is pdfTeX, Version 3.14159265-2.6-1.40.19 (TeX Live 2018) (preloaded format=pdflatex 2018.4.16)  19 NOV 2018 09:38
entering extended mode
 restricted \write18 enabled.
 %&-line parsing enabled.
**Urbisci_Dissertation.tex
(./Urbisci_Dissertation.tex
LaTeX2e <2018-04-01> patch level 2
Babel <3.18> and hyphenation patterns for 84 language(s) loaded.
(./sty/ucthesis-CA2012.cls

LaTeX Warning: You have requested document class `sty/ucthesis-CA2012',
               but the document class provides `ucthesis-CA2012'.

Document Class: ucthesis-CA2012 2012/05/08 Revision by Curtis Asplund of 1996/0
6/26 JTW's modification of 1994/10/31 v3.0 University of California Thesis Clas
s
(/usr/local/texlive/2018/texmf-dist/tex/latex/ucthesis/uct12.clo)
\c@part=\count80
\c@chapter=\count81
\c@section=\count82
\c@subsection=\count83
\c@subsubsection=\count84
\c@paragraph=\count85
\c@subparagraph=\count86
\abovecaptionskip=\skip41
\belowcaptionskip=\skip42
\c@figure=\count87
\c@table=\count88
LaTeX Info: Redefining \rm on input line 1080.
LaTeX Info: Redefining \sf on input line 1081.
LaTeX Info: Redefining \tt on input line 1082.
LaTeX Info: Redefining \bf on input line 1083.
LaTeX Info: Redefining \it on input line 1084.
LaTeX Info: Redefining \sl on input line 1085.
LaTeX Info: Redefining \sc on input line 1086.
)
(/usr/local/texlive/2018/texmf-dist/tex/latex/subfig/subfig.sty
Package: subfig 2005/06/28 ver: 1.3 subfig package

(/usr/local/texlive/2018/texmf-dist/tex/latex/graphics/keyval.sty
Package: keyval 2014/10/28 v1.15 key=value parser (DPC)
\KV@toks@=\toks14
)
(/usr/local/texlive/2018/texmf-dist/tex/latex/caption/caption3.sty
Package: caption3 2016/05/22 v1.7-166 caption3 kernel (AR)
Package caption3 Info: TeX engine: e-TeX on input line 67.
\captionmargin=\dimen102
\captionmargin@=\dimen103
\captionwidth=\dimen104
\caption@tempdima=\dimen105
\caption@indent=\dimen106
\caption@parindent=\dimen107
\caption@hangindent=\dimen108
Package caption Info: Unknown document class (or package),
(caption)             standard defaults will be used.
)
\c@KVtest=\count89
\sf@farskip=\skip43
\sf@captopadj=\dimen109
\sf@capskip=\skip44
\sf@nearskip=\skip45
\c@subfigure=\count90
\c@subfigure@save=\count91
\c@lofdepth=\count92
\c@subtable=\count93
\c@subtable@save=\count94
\c@lotdepth=\count95
\sf@top=\skip46
\sf@bottom=\skip47
)
(/usr/local/texlive/2018/texmf-dist/tex/latex/fancyhdr/fancyhdr.sty
Package: fancyhdr 2017/06/30 v3.9a Extensive control of page headers and footer
s
\f@nch@headwidth=\skip48
\f@nch@O@elh=\skip49
\f@nch@O@erh=\skip50
\f@nch@O@olh=\skip51
\f@nch@O@orh=\skip52
\f@nch@O@elf=\skip53
\f@nch@O@erf=\skip54
\f@nch@O@olf=\skip55
\f@nch@O@orf=\skip56
)
(/usr/local/texlive/2018/texmf-dist/tex/latex/hyperref/hyperref.sty
Package: hyperref 2018/02/06 v6.86b Hypertext links for LaTeX

(/usr/local/texlive/2018/texmf-dist/tex/generic/oberdiek/hobsub-hyperref.sty
Package: hobsub-hyperref 2016/05/16 v1.14 Bundle oberdiek, subset hyperref (HO)


(/usr/local/texlive/2018/texmf-dist/tex/generic/oberdiek/hobsub-generic.sty
Package: hobsub-generic 2016/05/16 v1.14 Bundle oberdiek, subset generic (HO)
Package: hobsub 2016/05/16 v1.14 Construct package bundles (HO)
Package: infwarerr 2016/05/16 v1.4 Providing info/warning/error messages (HO)
Package: ltxcmds 2016/05/16 v1.23 LaTeX kernel commands for general use (HO)
Package: ifluatex 2016/05/16 v1.4 Provides the ifluatex switch (HO)
Package ifluatex Info: LuaTeX not detected.
Package: ifvtex 2016/05/16 v1.6 Detect VTeX and its facilities (HO)
Package ifvtex Info: VTeX not detected.
Package: intcalc 2016/05/16 v1.2 Expandable calculations with integers (HO)
Package: ifpdf 2017/03/15 v3.2 Provides the ifpdf switch
Package: etexcmds 2016/05/16 v1.6 Avoid name clashes with e-TeX commands (HO)
Package etexcmds Info: Could not find \expanded.
(etexcmds)             That can mean that you are not using pdfTeX 1.50 or
(etexcmds)             that some package has redefined \expanded.
(etexcmds)             In the latter case, load this package earlier.
Package: kvsetkeys 2016/05/16 v1.17 Key value parser (HO)
Package: kvdefinekeys 2016/05/16 v1.4 Define keys (HO)
Package: pdftexcmds 2018/01/30 v0.27 Utility functions of pdfTeX for LuaTeX (HO
)
Package pdftexcmds Info: LuaTeX not detected.
Package pdftexcmds Info: \pdf@primitive is available.
Package pdftexcmds Info: \pdf@ifprimitive is available.
Package pdftexcmds Info: \pdfdraftmode found.
Package: pdfescape 2016/05/16 v1.14 Implements pdfTeX's escape features (HO)
Package: bigintcalc 2016/05/16 v1.4 Expandable calculations on big integers (HO
)
Package: bitset 2016/05/16 v1.2 Handle bit-vector datatype (HO)
Package: uniquecounter 2016/05/16 v1.3 Provide unlimited unique counter (HO)
)
Package hobsub Info: Skipping package `hobsub' (already loaded).
Package: letltxmacro 2016/05/16 v1.5 Let assignment for LaTeX macros (HO)
Package: hopatch 2016/05/16 v1.3 Wrapper for package hooks (HO)
Package: xcolor-patch 2016/05/16 xcolor patch
Package: atveryend 2016/05/16 v1.9 Hooks at the very end of document (HO)
Package atveryend Info: \enddocument detected (standard20110627).
Package: atbegshi 2016/06/09 v1.18 At begin shipout hook (HO)
Package: refcount 2016/05/16 v3.5 Data extraction from label references (HO)
Package: hycolor 2016/05/16 v1.8 Color options for hyperref/bookmark (HO)
)
(/usr/local/texlive/2018/texmf-dist/tex/generic/ifxetex/ifxetex.sty
Package: ifxetex 2010/09/12 v0.6 Provides ifxetex conditional
)
(/usr/local/texlive/2018/texmf-dist/tex/latex/oberdiek/auxhook.sty
Package: auxhook 2016/05/16 v1.4 Hooks for auxiliary files (HO)
)
(/usr/local/texlive/2018/texmf-dist/tex/latex/oberdiek/kvoptions.sty
Package: kvoptions 2016/05/16 v3.12 Key value format for package options (HO)
)
\@linkdim=\dimen110
\Hy@linkcounter=\count96
\Hy@pagecounter=\count97

(/usr/local/texlive/2018/texmf-dist/tex/latex/hyperref/pd1enc.def
File: pd1enc.def 2018/02/06 v6.86b Hyperref: PDFDocEncoding definition (HO)
Now handling font encoding PD1 ...
... no UTF-8 mapping file for font encoding PD1
)
\Hy@SavedSpaceFactor=\count98

(/usr/local/texlive/2018/texmf-dist/tex/latex/latexconfig/hyperref.cfg
File: hyperref.cfg 2002/06/06 v1.2 hyperref configuration of TeXLive
)
Package hyperref Info: Option `final' set `true' on input line 4383.
Package hyperref Info: Hyper figures OFF on input line 4509.
Package hyperref Info: Link nesting OFF on input line 4514.
Package hyperref Info: Hyper index ON on input line 4517.
Package hyperref Info: Plain pages OFF on input line 4524.
Package hyperref Info: Backreferencing OFF on input line 4529.
Package hyperref Info: Implicit mode ON; LaTeX internals redefined.
Package hyperref Info: Bookmarks ON on input line 4762.
\c@Hy@tempcnt=\count99

(/usr/local/texlive/2018/texmf-dist/tex/latex/url/url.sty
\Urlmuskip=\muskip10
Package: url 2013/09/16  ver 3.4  Verb mode for urls, etc.
)
LaTeX Info: Redefining \url on input line 5115.
\XeTeXLinkMargin=\dimen111
\Fld@menulength=\count100
\Field@Width=\dimen112
\Fld@charsize=\dimen113
Package hyperref Info: Hyper figures OFF on input line 6369.
Package hyperref Info: Link nesting OFF on input line 6374.
Package hyperref Info: Hyper index ON on input line 6377.
Package hyperref Info: backreferencing OFF on input line 6384.
Package hyperref Info: Link coloring OFF on input line 6389.
Package hyperref Info: Link coloring with OCG OFF on input line 6394.
Package hyperref Info: PDF/A mode OFF on input line 6399.
LaTeX Info: Redefining \ref on input line 6439.
LaTeX Info: Redefining \pageref on input line 6443.
\Hy@abspage=\count101
\c@Item=\count102
\c@Hfootnote=\count103
)
Package hyperref Info: Driver (autodetected): hpdftex.

(/usr/local/texlive/2018/texmf-dist/tex/latex/hyperref/hpdftex.def
File: hpdftex.def 2018/02/06 v6.86b Hyperref driver for pdfTeX
\Fld@listcount=\count104
\c@bookmark@seq@number=\count105

(/usr/local/texlive/2018/texmf-dist/tex/latex/oberdiek/rerunfilecheck.sty
Package: rerunfilecheck 2016/05/16 v1.8 Rerun checks for auxiliary files (HO)
Package uniquecounter Info: New unique counter `rerunfilecheck' on input line 2
82.
)
\Hy@SectionHShift=\skip57
)
(/usr/local/texlive/2018/texmf-dist/tex/latex/amsmath/amsmath.sty
Package: amsmath 2017/09/02 v2.17a AMS math features
\@mathmargin=\skip58

For additional information on amsmath, use the `?' option.
(/usr/local/texlive/2018/texmf-dist/tex/latex/amsmath/amstext.sty
Package: amstext 2000/06/29 v2.01 AMS text

(/usr/local/texlive/2018/texmf-dist/tex/latex/amsmath/amsgen.sty
File: amsgen.sty 1999/11/30 v2.0 generic functions
\@emptytoks=\toks15
\ex@=\dimen114
))
(/usr/local/texlive/2018/texmf-dist/tex/latex/amsmath/amsbsy.sty
Package: amsbsy 1999/11/29 v1.2d Bold Symbols
\pmbraise@=\dimen115
)
(/usr/local/texlive/2018/texmf-dist/tex/latex/amsmath/amsopn.sty
Package: amsopn 2016/03/08 v2.02 operator names
)
\inf@bad=\count106
LaTeX Info: Redefining \frac on input line 213.
\uproot@=\count107
\leftroot@=\count108
LaTeX Info: Redefining \overline on input line 375.
\classnum@=\count109
\DOTSCASE@=\count110
LaTeX Info: Redefining \ldots on input line 472.
LaTeX Info: Redefining \dots on input line 475.
LaTeX Info: Redefining \cdots on input line 596.
\Mathstrutbox@=\box26
\strutbox@=\box27
\big@size=\dimen116
LaTeX Font Info:    Redeclaring font encoding OML on input line 712.
LaTeX Font Info:    Redeclaring font encoding OMS on input line 713.
\macc@depth=\count111
\c@MaxMatrixCols=\count112
\dotsspace@=\muskip11
\c@parentequation=\count113
\dspbrk@lvl=\count114
\tag@help=\toks16
\row@=\count115
\column@=\count116
\maxfields@=\count117
\andhelp@=\toks17
\eqnshift@=\dimen117
\alignsep@=\dimen118
\tagshift@=\dimen119
\tagwidth@=\dimen120
\totwidth@=\dimen121
\lineht@=\dimen122
\@envbody=\toks18
\multlinegap=\skip59
\multlinetaggap=\skip60
\mathdisplay@stack=\toks19
LaTeX Info: Redefining \[ on input line 2817.
LaTeX Info: Redefining \] on input line 2818.
)
(/usr/local/texlive/2018/texmf-dist/tex/latex/amsfonts/amssymb.sty
Package: amssymb 2013/01/14 v3.01 AMS font symbols

(/usr/local/texlive/2018/texmf-dist/tex/latex/amsfonts/amsfonts.sty
Package: amsfonts 2013/01/14 v3.01 Basic AMSFonts support
\symAMSa=\mathgroup4
\symAMSb=\mathgroup5
LaTeX Font Info:    Overwriting math alphabet `\mathfrak' in version `bold'
(Font)                  U/euf/m/n --> U/euf/b/n on input line 106.
))
(/usr/local/texlive/2018/texmf-dist/tex/latex/graphics/graphicx.sty
Package: graphicx 2017/06/01 v1.1a Enhanced LaTeX Graphics (DPC,SPQR)

(/usr/local/texlive/2018/texmf-dist/tex/latex/graphics/graphics.sty
Package: graphics 2017/06/25 v1.2c Standard LaTeX Graphics (DPC,SPQR)

(/usr/local/texlive/2018/texmf-dist/tex/latex/graphics/trig.sty
Package: trig 2016/01/03 v1.10 sin cos tan (DPC)
)
(/usr/local/texlive/2018/texmf-dist/tex/latex/graphics-cfg/graphics.cfg
File: graphics.cfg 2016/06/04 v1.11 sample graphics configuration
)
Package graphics Info: Driver file: pdftex.def on input line 99.

(/usr/local/texlive/2018/texmf-dist/tex/latex/graphics-def/pdftex.def
File: pdftex.def 2018/01/08 v1.0l Graphics/color driver for pdftex
))
\Gin@req@height=\dimen123
\Gin@req@width=\dimen124
)
(/usr/local/texlive/2018/texmf-dist/tex/latex/tools/xspace.sty
Package: xspace 2014/10/28 v1.13 Space after command names (DPC,MH)
)
(/usr/local/texlive/2018/texmf-dist/tex/latex/braket/braket.sty)
(/usr/local/texlive/2018/texmf-dist/tex/latex/graphics/color.sty
Package: color 2016/07/10 v1.1e Standard LaTeX Color (DPC)

(/usr/local/texlive/2018/texmf-dist/tex/latex/graphics-cfg/color.cfg
File: color.cfg 2016/01/02 v1.6 sample color configuration
)
Package color Info: Driver file: pdftex.def on input line 147.
)
(/usr/local/texlive/2018/texmf-dist/tex/latex/setspace/setspace.sty
Package: setspace 2011/12/19 v6.7a set line spacing
)
(/usr/local/texlive/2018/texmf-dist/tex/latex/base/inputenc.sty
Package: inputenc 2018/04/06 v1.3b Input encoding file
\inpenc@prehook=\toks20
\inpenc@posthook=\toks21
)
(/usr/local/texlive/2018/texmf-dist/tex/latex/tools/multicol.sty
Package: multicol 2018/04/01 v1.8r multicolumn formatting (FMi)
\c@tracingmulticols=\count118
\mult@box=\box28
\multicol@leftmargin=\dimen125
\c@unbalance=\count119
\c@collectmore=\count120
\doublecol@number=\count121
\multicoltolerance=\count122
\multicolpretolerance=\count123
\full@width=\dimen126
\page@free=\dimen127
\premulticols=\dimen128
\postmulticols=\dimen129
\multicolsep=\skip61
\multicolbaselineskip=\skip62
\partial@page=\box29
\last@line=\box30
\maxbalancingoverflow=\dimen130
\mult@rightbox=\box31
\mult@grightbox=\box32
\mult@gfirstbox=\box33
\mult@firstbox=\box34
\@tempa=\box35
\@tempa=\box36
\@tempa=\box37
\@tempa=\box38
\@tempa=\box39
\@tempa=\box40
\@tempa=\box41
\@tempa=\box42
\@tempa=\box43
\@tempa=\box44
\@tempa=\box45
\@tempa=\box46
\@tempa=\box47
\@tempa=\box48
\@tempa=\box49
\@tempa=\box50
\@tempa=\box51
\c@columnbadness=\count124
\c@finalcolumnbadness=\count125
\last@try=\dimen131
\multicolovershoot=\dimen132
\multicolundershoot=\dimen133
\mult@nat@firstbox=\box52
\colbreak@box=\box53
\mc@col@check@num=\count126
)
(/usr/local/texlive/2018/texmf-dist/tex/latex/natbib/natbib.sty
Package: natbib 2010/09/13 8.31b (PWD, AO)
\bibhang=\skip63
\bibsep=\skip64
LaTeX Info: Redefining \cite on input line 694.
\c@NAT@ctr=\count127
)
(/usr/local/texlive/2018/texmf-dist/tex/latex/oberdiek/pdflscape.sty
Package: pdflscape 2016/05/14 v0.11 Display of landscape pages in PDF (HO)

(/usr/local/texlive/2018/texmf-dist/tex/latex/graphics/lscape.sty
Package: lscape 2000/10/22 v3.01 Landscape Pages (DPC)
)
Package pdflscape Info: Auto-detected driver: pdftex on input line 81.
)
(/usr/local/texlive/2018/texmf-dist/tex/latex/tools/longtable.sty
Package: longtable 2014/10/28 v4.11 Multi-page Table package (DPC)
\LTleft=\skip65
\LTright=\skip66
\LTpre=\skip67
\LTpost=\skip68
\LTchunksize=\count128
\LTcapwidth=\dimen134
\LT@head=\box54
\LT@firsthead=\box55
\LT@foot=\box56
\LT@lastfoot=\box57
\LT@cols=\count129
\LT@rows=\count130
\c@LT@tables=\count131
\c@LT@chunks=\count132
\LT@p@ftn=\toks22
)
(/usr/local/texlive/2018/texmf-dist/tex/latex/booktabs/booktabs.sty
Package: booktabs 2016/04/27 v1.618033 publication quality tables
\heavyrulewidth=\dimen135
\lightrulewidth=\dimen136
\cmidrulewidth=\dimen137
\belowrulesep=\dimen138
\belowbottomsep=\dimen139
\aboverulesep=\dimen140
\abovetopsep=\dimen141
\cmidrulesep=\dimen142
\cmidrulekern=\dimen143
\defaultaddspace=\dimen144
\@cmidla=\count133
\@cmidlb=\count134
\@aboverulesep=\dimen145
\@belowrulesep=\dimen146
\@thisruleclass=\count135
\@lastruleclass=\count136
\@thisrulewidth=\dimen147
)
(/usr/local/texlive/2018/texmf-dist/tex/latex/float/float.sty
Package: float 2001/11/08 v1.3d Float enhancements (AL)
\c@float@type=\count137
\float@exts=\toks23
\float@box=\box58
\@float@everytoks=\toks24
\@floatcapt=\box59
)
(/usr/local/texlive/2018/texmf-dist/tex/latex/multirow/multirow.sty
Package: multirow 2016/11/25 v2.2 Span multiple rows of a table
\multirow@colwidth=\skip69
\multirow@cntb=\count138
\multirow@dima=\skip70
\bigstrutjot=\dimen148
)
(/usr/local/texlive/2018/texmf-dist/tex/latex/graphics/rotating.sty
Package: rotating 2016/08/11 v2.16d rotated objects in LaTeX

(/usr/local/texlive/2018/texmf-dist/tex/latex/base/ifthen.sty
Package: ifthen 2014/09/29 v1.1c Standard LaTeX ifthen package (DPC)
)
\c@r@tfl@t=\count139
\rotFPtop=\skip71
\rotFPbot=\skip72
\rot@float@box=\box60
\rot@mess@toks=\toks25
)
(./Urbisci_Dissertation.aux)
\openout1 = `Urbisci_Dissertation.aux'.

LaTeX Font Info:    Checking defaults for OML/cmm/m/it on input line 57.
LaTeX Font Info:    ... okay on input line 57.
LaTeX Font Info:    Checking defaults for T1/cmr/m/n on input line 57.
LaTeX Font Info:    ... okay on input line 57.
LaTeX Font Info:    Checking defaults for OT1/cmr/m/n on input line 57.
LaTeX Font Info:    ... okay on input line 57.
LaTeX Font Info:    Checking defaults for OMS/cmsy/m/n on input line 57.
LaTeX Font Info:    ... okay on input line 57.
LaTeX Font Info:    Checking defaults for OMX/cmex/m/n on input line 57.
LaTeX Font Info:    ... okay on input line 57.
LaTeX Font Info:    Checking defaults for U/cmr/m/n on input line 57.
LaTeX Font Info:    ... okay on input line 57.
LaTeX Font Info:    Checking defaults for PD1/pdf/m/n on input line 57.
LaTeX Font Info:    ... okay on input line 57.
Package caption Info: Begin \AtBeginDocument code.
Package caption Info: subfig package v1.3 is loaded.
Package caption Info: End \AtBeginDocument code.
\AtBeginShipoutBox=\box61
Package hyperref Info: Link coloring OFF on input line 57.

(/usr/local/texlive/2018/texmf-dist/tex/latex/hyperref/nameref.sty
Package: nameref 2016/05/21 v2.44 Cross-referencing by name of section

(/usr/local/texlive/2018/texmf-dist/tex/generic/oberdiek/gettitlestring.sty
Package: gettitlestring 2016/05/16 v1.5 Cleanup title references (HO)
)
\c@section@level=\count140
)
LaTeX Info: Redefining \ref on input line 57.
LaTeX Info: Redefining \pageref on input line 57.
LaTeX Info: Redefining \nameref on input line 57.

(./Urbisci_Dissertation.out) (./Urbisci_Dissertation.out)
\@outlinefile=\write3
\openout3 = `Urbisci_Dissertation.out'.


(/usr/local/texlive/2018/texmf-dist/tex/context/base/mkii/supp-pdf.mkii
[Loading MPS to PDF converter (version 2006.09.02).]
\scratchcounter=\count141
\scratchdimen=\dimen149
\scratchbox=\box62
\nofMPsegments=\count142
\nofMParguments=\count143
\everyMPshowfont=\toks26
\MPscratchCnt=\count144
\MPscratchDim=\dimen150
\MPnumerator=\count145
\makeMPintoPDFobject=\count146
\everyMPtoPDFconversion=\toks27
) (/usr/local/texlive/2018/texmf-dist/tex/latex/oberdiek/epstopdf-base.sty
Package: epstopdf-base 2016/05/15 v2.6 Base part for package epstopdf

(/usr/local/texlive/2018/texmf-dist/tex/latex/oberdiek/grfext.sty
Package: grfext 2016/05/16 v1.2 Manage graphics extensions (HO)
)
Package epstopdf-base Info: Redefining graphics rule for `.eps' on input line 4
38.
Package grfext Info: Graphics extension search list:
(grfext)             [.pdf,.png,.jpg,.mps,.jpeg,.jbig2,.jb2,.PDF,.PNG,.JPG,.JPE
G,.JBIG2,.JB2,.eps]
(grfext)             \AppendGraphicsExtensions on input line 456.

(/usr/local/texlive/2018/texmf-dist/tex/latex/latexconfig/epstopdf-sys.cfg
File: epstopdf-sys.cfg 2010/07/13 v1.3 Configuration of (r)epstopdf for TeX Liv
e
))
(./tex/title.tex)
Underfull \hbox (badness 10000) in paragraph at lines 63--63

 []

[1{/usr/local/texlive/2018/texmf-var/fonts/map/pdftex/updmap/pdftex.map}]
LaTeX Font Info:    Try loading font information for U+msa on input line 63.

(/usr/local/texlive/2018/texmf-dist/tex/latex/amsfonts/umsa.fd
File: umsa.fd 2013/01/14 v3.01 AMS symbols A
)
LaTeX Font Info:    Try loading font information for U+msb on input line 63.

(/usr/local/texlive/2018/texmf-dist/tex/latex/amsfonts/umsb.fd
File: umsb.fd 2013/01/14 v3.01 AMS symbols B
) [2]
LaTeX Font Info:    Try loading font information for OMS+cmr on input line 64.

(/usr/local/texlive/2018/texmf-dist/tex/latex/base/omscmr.fd
File: omscmr.fd 2014/09/29 v2.5h Standard LaTeX font definitions
)
LaTeX Font Info:    Font shape `OMS/cmr/m/n' in size <12> not available
(Font)              Font shape `OMS/cmsy/m/n' tried instead on input line 64.

(./tex/dedicate.tex [3

]
Underfull \hbox (badness 10000) in paragraph at lines 5--6

 []


Underfull \hbox (badness 10000) in paragraph at lines 9--10

 []


Underfull \hbox (badness 10000) in paragraph at lines 13--14

 []

) (./tex/acknowledgements.tex [4

] [5

] [6]
Overfull \hbox (8.95502pt too wide) in paragraph at lines 29--30
\OT1/cmr/m/n/12 low-ship in Pop-u-la-tion and Ecosys-tem Dy-nam-ics (NOAA Grant
 $#\OML/cmm/m/it/12 NA\OT1/cmr/m/n/12 14\OML/cmm/m/it/12 OAR\OT1/cmr/m/n/12 417
0211$,
 []

) (./tex/vitae.tex [7]
Overfull \hbox (55.14388pt too wide) in paragraph at lines 14--22
[][] 
 []

[8

] [9] [10]) (./tex/abstract.tex [11]) [12

] (./Urbisci_Dissertation.toc)
\tf@toc=\write4
\openout4 = `Urbisci_Dissertation.toc'.


[13

]

Package Fancyhdr Warning: \fancyhead's `E' option without twoside option is use
less on input line 82.

Chapter 1.
[1


] [2]
Chapter 2.
[3

]
<fig/foodwebimage.pdf, id=207, 758.835pt x 505.89pt>
File: fig/foodwebimage.pdf Graphic file (type pdf)
<use fig/foodwebimage.pdf>
Package pdftex.def Info: fig/foodwebimage.pdf  used on input line 139.
(pdftex.def)             Requested size: 451.6875pt x 301.12793pt.
 [4]
Overfull \hbox (9.80733pt too wide) in paragraph at lines 144--145
[]\OT1/cmr/m/n/12 The con-fu-sion around the def-i-ni-tion is not the only com-
pli-ca-tion with trans-fer efficiency--
 []

[5pdfTeX warning (ext4): destination with the same identifier (name{figure.2.1}
) has been already used, duplicate ignored

\AtBegShi@Output ...ipout \box \AtBeginShipoutBox 
                                                  \fi \fi 
l.149 
       <./fig/foodwebimage.pdf>] [6] [7] [8] [9]
<fig/flowchartfig.pdf, id=384, 480.13277pt x 370.28539pt>
File: fig/flowchartfig.pdf Graphic file (type pdf)
<use fig/flowchartfig.pdf>
Package pdftex.def Info: fig/flowchartfig.pdf  used on input line 187.
(pdftex.def)             Requested size: 451.6875pt x 348.35081pt.
 [10] [11pdfTeX warning (ext4): destination with the same identifier (name{figu
re.2.2}) has been already used, duplicate ignored

\AtBegShi@Output ...ipout \box \AtBeginShipoutBox 
                                                  \fi \fi 
l.194 
       <./fig/flowchartfig.pdf>] [12]
<fig/density_eco_method.png, id=423, 650.43pt x 361.35pt>
File: fig/density_eco_method.png Graphic file (type png)
<use fig/density_eco_method.png>
Package pdftex.def Info: fig/density_eco_method.png  used on input line 208.
(pdftex.def)             Requested size: 451.6875pt x 250.94179pt.
 [13]
Underfull \hbox (badness 10000) in paragraph at lines 217--217
[]|\OT1/cmr/m/n/12 Clustered
 []


Underfull \hbox (badness 10000) in paragraph at lines 217--217
[]|\OT1/cmr/m/n/12 Trophic
 []


Underfull \hbox (badness 10000) in paragraph at lines 217--218
[]|\OT1/cmr/m/n/12 Transfer
 []


Underfull \hbox (badness 10000) in paragraph at lines 222--222
[]|\OT1/cmr/m/n/12 primary
 []


Underfull \hbox (badness 10000) in paragraph at lines 223--223
[]|\OT1/cmr/m/n/12 secondary
 []


Underfull \hbox (badness 10000) in paragraph at lines 225--225
[]|\OT1/cmr/m/n/12 primary
 []


Underfull \hbox (badness 10000) in paragraph at lines 226--226
[]|\OT1/cmr/m/n/12 secondary
 []


Underfull \hbox (badness 10000) in paragraph at lines 227--227
[]|\OT1/cmr/m/n/12 tertiary
 []


Underfull \hbox (badness 10000) in paragraph at lines 229--229
[]|\OT1/cmr/m/n/12 primary
 []


Underfull \hbox (badness 10000) in paragraph at lines 230--230
[]|\OT1/cmr/m/n/12 secondary
 []


Underfull \hbox (badness 10000) in paragraph at lines 231--231
[]|\OT1/cmr/m/n/12 tertiary
 []


Underfull \hbox (badness 10000) in paragraph at lines 232--232
[]|\OT1/cmr/m/n/12 tertiary
 []


Underfull \hbox (badness 10000) in paragraph at lines 233--233
[]|\OT1/cmr/m/n/12 primary
 []


Underfull \hbox (badness 10000) in paragraph at lines 234--234
[]|\OT1/cmr/m/n/12 secondary
 []


Underfull \hbox (badness 10000) in paragraph at lines 235--235
[]|\OT1/cmr/m/n/12 tertiary
 []


Overfull \hbox (44.63695pt too wide) in alignment at lines 215--238
 [] [] [] [] [] [] 
 []


Underfull \vbox (badness 10000) detected at line 238
 []


Overfull \hbox (44.63695pt too wide) in alignment at lines 238--241
 [] [] [] [] [] [] 
 []

[14pdfTeX warning (ext4): destination with the same identifier (name{figure.2.3
}) has been already used, duplicate ignored

\AtBegShi@Output ...ipout \box \AtBeginShipoutBox 
                                                  \fi \fi 
l.241     \end{longtable}
                          <./fig/density_eco_method.png>] [15] [16]
<fig/var_imp_plot.png, id=455, 711.1368pt x 426.6339pt>
File: fig/var_imp_plot.png Graphic file (type png)
<use fig/var_imp_plot.png>
Package pdftex.def Info: fig/var_imp_plot.png  used on input line 257.
(pdftex.def)             Requested size: 451.6875pt x 270.98111pt.
 [17pdfTeX warning (ext4): destination with the same identifier (name{figure.2.
4}) has been already used, duplicate ignored

\AtBegShi@Output ...ipout \box \AtBeginShipoutBox 
                                                  \fi \fi 
l.263 
       <./fig/var_imp_plot.png>]
<fig/density_te_by_tl.png, id=471, 433.62pt x 361.35pt>
File: fig/density_te_by_tl.png Graphic file (type png)
<use fig/density_te_by_tl.png>
Package pdftex.def Info: fig/density_te_by_tl.png  used on input line 266.
(pdftex.def)             Requested size: 361.35136pt x 301.13896pt.

Underfull \hbox (badness 10000) in paragraph at lines 275--275
[]|\OT1/cmr/m/n/12 Clustered
 []


Underfull \hbox (badness 10000) in paragraph at lines 275--275
[]|\OT1/cmr/m/n/12 Trophic
 []


Underfull \hbox (badness 10000) in paragraph at lines 275--276
[]|\OT1/cmr/m/n/12 Transfer
 []


Overfull \hbox (37.19781pt too wide) in alignment at lines 273--277
 [] [] [] [] [] [] 
 []


Underfull \hbox (badness 10000) in paragraph at lines 278--278
[]|\OT1/cmr/m/n/12 temperate
 []


Underfull \hbox (badness 10000) in paragraph at lines 278--278
[]|\OT1/cmr/m/n/12 primary
 []


Underfull \hbox (badness 10000) in paragraph at lines 279--279
[]|\OT1/cmr/m/n/12 temperate
 []


Underfull \hbox (badness 10000) in paragraph at lines 279--279
[]|\OT1/cmr/m/n/12 secondary
 []


Underfull \hbox (badness 10000) in paragraph at lines 280--280
[]|\OT1/cmr/m/n/12 temperate
 []


Underfull \hbox (badness 10000) in paragraph at lines 280--280
[]|\OT1/cmr/m/n/12 tertiary
 []


Underfull \hbox (badness 10000) in paragraph at lines 281--281
[]|\OT1/cmr/m/n/12 temperate
 []


Underfull \hbox (badness 10000) in paragraph at lines 281--281
[]|\OT1/cmr/m/n/12 quaternary
 []


Underfull \hbox (badness 10000) in paragraph at lines 282--282
[]|\OT1/cmr/m/n/12 tropical
 []


Underfull \hbox (badness 10000) in paragraph at lines 282--282
[]|\OT1/cmr/m/n/12 primary
 []


Underfull \hbox (badness 10000) in paragraph at lines 283--283
[]|\OT1/cmr/m/n/12 tropical
 []


Underfull \hbox (badness 10000) in paragraph at lines 283--283
[]|\OT1/cmr/m/n/12 primary
 []


Underfull \hbox (badness 10000) in paragraph at lines 284--284
[]|\OT1/cmr/m/n/12 tropical
 []


Underfull \hbox (badness 10000) in paragraph at lines 284--284
[]|\OT1/cmr/m/n/12 primary
 []


Underfull \hbox (badness 10000) in paragraph at lines 285--285
[]|\OT1/cmr/m/n/12 tropical
 []


Underfull \hbox (badness 10000) in paragraph at lines 285--285
[]|\OT1/cmr/m/n/12 primary
 []


Underfull \hbox (badness 10000) in paragraph at lines 286--286
[]|\OT1/cmr/m/n/12 tropical
 []


Underfull \hbox (badness 10000) in paragraph at lines 286--286
[]|\OT1/cmr/m/n/12 primary
 []


Underfull \hbox (badness 10000) in paragraph at lines 287--287
[]|\OT1/cmr/m/n/12 tropical
 []


Underfull \hbox (badness 10000) in paragraph at lines 287--287
[]|\OT1/cmr/m/n/12 primary
 []


Underfull \hbox (badness 10000) in paragraph at lines 288--288
[]|\OT1/cmr/m/n/12 tropical
 []


Underfull \hbox (badness 10000) in paragraph at lines 288--288
[]|\OT1/cmr/m/n/12 primary
 []


Underfull \hbox (badness 10000) in paragraph at lines 289--289
[]|\OT1/cmr/m/n/12 tropical
 []


Underfull \hbox (badness 10000) in paragraph at lines 289--289
[]|\OT1/cmr/m/n/12 primary
 []


Underfull \hbox (badness 10000) in paragraph at lines 290--290
[]|\OT1/cmr/m/n/12 tropical
 []


Underfull \hbox (badness 10000) in paragraph at lines 290--290
[]|\OT1/cmr/m/n/12 primary
 []


Underfull \hbox (badness 10000) in paragraph at lines 291--291
[]|\OT1/cmr/m/n/12 tropical
 []


Underfull \hbox (badness 10000) in paragraph at lines 291--291
[]|\OT1/cmr/m/n/12 primary
 []


Underfull \hbox (badness 10000) in paragraph at lines 292--292
[]|\OT1/cmr/m/n/12 tropical
 []


Underfull \hbox (badness 10000) in paragraph at lines 292--292
[]|\OT1/cmr/m/n/12 primary
 []


Underfull \hbox (badness 10000) in paragraph at lines 293--293
[]|\OT1/cmr/m/n/12 Sylt-Romo
 []


Underfull \hbox (badness 10000) in paragraph at lines 293--293
[]|\OT1/cmr/m/n/12 temperate
 []


Underfull \hbox (badness 10000) in paragraph at lines 294--294
[]|\OT1/cmr/m/n/12 Sylt-Romo
 []


Underfull \hbox (badness 10000) in paragraph at lines 294--294
[]|\OT1/cmr/m/n/12 temperate
 []


Underfull \hbox (badness 10000) in paragraph at lines 295--295
[]|\OT1/cmr/m/n/12 Sylt-Romo
 []


Underfull \hbox (badness 10000) in paragraph at lines 295--295
\OT1/cmr/m/n/12 Bight: dense
 []


Underfull \hbox (badness 10000) in paragraph at lines 295--295
\OT1/cmr/m/n/12 zostera noltii
 []


Underfull \hbox (badness 10000) in paragraph at lines 295--295
[]|\OT1/cmr/m/n/12 temperate
 []


Underfull \hbox (badness 10000) in paragraph at lines 296--296
[]|\OT1/cmr/m/n/12 Sylt-Romo
 []


Underfull \hbox (badness 10000) in paragraph at lines 296--296
[]|\OT1/cmr/m/n/12 temperate
 []


Underfull \hbox (badness 10000) in paragraph at lines 297--297
[]|\OT1/cmr/m/n/12 Sylt-Romo
 []


Underfull \hbox (badness 3989) in paragraph at lines 297--297
\OT1/cmr/m/n/12 Bight: muddy
 []


Underfull \hbox (badness 10000) in paragraph at lines 297--297
[]|\OT1/cmr/m/n/12 temperate
 []


Overfull \hbox (37.19781pt too wide) in alignment at lines 277--298
 [] [] [] [] [] [] 
 []

[18pdfTeX warning (ext4): destination with the same identifier (name{figure.2.5
}) has been already used, duplicate ignored

\AtBegShi@Output ...ipout \box \AtBeginShipoutBox 
                                                  \fi \fi 
l.298     B
           aird et al. 2007   & Sylt-Romo Bight: mussel beds & temperate sea...
 <./fig/density_te_by_tl.png>]
Underfull \hbox (badness 10000) in paragraph at lines 298--298
[]|\OT1/cmr/m/n/12 Sylt-Romo
 []


Underfull \hbox (badness 5490) in paragraph at lines 298--298
\OT1/cmr/m/n/12 Bight: mus-sel
 []


Underfull \hbox (badness 10000) in paragraph at lines 298--298
[]|\OT1/cmr/m/n/12 temperate
 []


Underfull \hbox (badness 10000) in paragraph at lines 299--299
[]|\OT1/cmr/m/n/12 Sylt-Romo
 []


Underfull \hbox (badness 3701) in paragraph at lines 299--299
\OT1/cmr/m/n/12 Bight: pelagic
 []


Underfull \hbox (badness 10000) in paragraph at lines 299--299
[]|\OT1/cmr/m/n/12 temperate
 []


Underfull \hbox (badness 10000) in paragraph at lines 300--300
[]|\OT1/cmr/m/n/12 Sylt-Romo
 []


Underfull \hbox (badness 10000) in paragraph at lines 300--300
\OT1/cmr/m/n/12 Bight: sandy
 []


Underfull \hbox (badness 10000) in paragraph at lines 300--300
[]|\OT1/cmr/m/n/12 temperate
 []


Underfull \hbox (badness 10000) in paragraph at lines 301--301
[]|\OT1/cmr/m/n/12 Sylt-Romo
 []


Underfull \hbox (badness 10000) in paragraph at lines 301--301
\OT1/cmr/m/n/12 Bight: sandy
 []


Underfull \hbox (badness 10000) in paragraph at lines 301--301
[]|\OT1/cmr/m/n/12 temperate
 []


Underfull \hbox (badness 10000) in paragraph at lines 302--302
[]|\OT1/cmr/m/n/12 Sylt-Romo
 []


Underfull \hbox (badness 10000) in paragraph at lines 302--302
\OT1/cmr/m/n/12 Bight: sparse
 []


Underfull \hbox (badness 10000) in paragraph at lines 302--302
\OT1/cmr/m/n/12 zostera noltii
 []


Underfull \hbox (badness 10000) in paragraph at lines 302--302
[]|\OT1/cmr/m/n/12 temperate
 []


Underfull \hbox (badness 1178) in paragraph at lines 303--303
[]|\OT1/cmr/m/n/12 summary of 21
 []


Underfull \hbox (badness 10000) in paragraph at lines 303--303
[]|\OT1/cmr/m/n/12 average
 []


Underfull \hbox (badness 1178) in paragraph at lines 304--304
[]|\OT1/cmr/m/n/12 summary of 21
 []


Underfull \hbox (badness 10000) in paragraph at lines 304--304
[]|\OT1/cmr/m/n/12 average
 []


Underfull \hbox (badness 10000) in paragraph at lines 306--306
[]|\OT1/cmr/m/n/12 Southern
 []


Underfull \hbox (badness 10000) in paragraph at lines 306--306
\OT1/cmr/m/n/12 Plateau, New
 []


Underfull \hbox (badness 10000) in paragraph at lines 306--306
[]|\OT1/cmr/m/n/12 temperate
 []


Underfull \hbox (badness 10000) in paragraph at lines 306--306
[]|\OT1/cmr/m/n/12 secondary
 []


Underfull \hbox (badness 10000) in paragraph at lines 307--307
[]|\OT1/cmr/m/n/12 temperate
 []


Underfull \hbox (badness 10000) in paragraph at lines 308--308
[]|\OT1/cmr/m/n/12 tropical
 []


Underfull \hbox (badness 10000) in paragraph at lines 309--309
[]|\OT1/cmr/m/n/12 upwelling
 []


Underfull \hbox (badness 10000) in paragraph at lines 310--310
[]|\OT1/cmr/m/n/12 Cornejo-Donoso and
 []


Underfull \hbox (badness 10000) in paragraph at lines 310--310
[]|\OT1/cmr/m/n/12 temperate
 []


Underfull \hbox (badness 10000) in paragraph at lines 310--310
[]|\OT1/cmr/m/n/12 primary
 []


Underfull \hbox (badness 10000) in paragraph at lines 311--311
[]|\OT1/cmr/m/n/12 Cornejo-Donoso and
 []


Underfull \hbox (badness 10000) in paragraph at lines 311--311
[]|\OT1/cmr/m/n/12 temperate
 []


Underfull \hbox (badness 10000) in paragraph at lines 311--311
[]|\OT1/cmr/m/n/12 secondary
 []


Underfull \hbox (badness 10000) in paragraph at lines 312--312
[]|\OT1/cmr/m/n/12 Cornejo-Donoso and
 []


Underfull \hbox (badness 10000) in paragraph at lines 312--312
[]|\OT1/cmr/m/n/12 temperate
 []


Underfull \hbox (badness 10000) in paragraph at lines 312--312
[]|\OT1/cmr/m/n/12 tertiary
 []


Underfull \hbox (badness 10000) in paragraph at lines 313--313
[]|\OT1/cmr/m/n/12 Cornejo-Donoso and
 []


Underfull \hbox (badness 10000) in paragraph at lines 313--313
[]|\OT1/cmr/m/n/12 temperate
 []


Underfull \hbox (badness 10000) in paragraph at lines 313--313
[]|\OT1/cmr/m/n/12 quaternary
 []


Underfull \hbox (badness 10000) in paragraph at lines 314--314
[]|\OT1/cmr/m/n/12 temperate
 []


Underfull \hbox (badness 10000) in paragraph at lines 314--314
[]|\OT1/cmr/m/n/12 primary
 []


Underfull \hbox (badness 10000) in paragraph at lines 315--315
[]|\OT1/cmr/m/n/12 tropical
 []


Underfull \hbox (badness 10000) in paragraph at lines 316--316
[]|\OT1/cmr/m/n/12 Gamito and Erzini
 []


Underfull \hbox (badness 10000) in paragraph at lines 316--316
[]|\OT1/cmr/m/n/12 primary
 []


Underfull \hbox (badness 10000) in paragraph at lines 317--317
[]|\OT1/cmr/m/n/12 Gamito and Erzini
 []


Underfull \hbox (badness 10000) in paragraph at lines 317--317
[]|\OT1/cmr/m/n/12 secondary
 []


Overfull \hbox (37.19781pt too wide) in alignment at lines 298--318
 [] [] [] [] [] [] 
 []

[19]
Underfull \hbox (badness 10000) in paragraph at lines 318--318
[]|\OT1/cmr/m/n/12 Gamito and Erzini
 []


Underfull \hbox (badness 10000) in paragraph at lines 318--318
[]|\OT1/cmr/m/n/12 tertiary
 []


Underfull \hbox (badness 10000) in paragraph at lines 319--319
[]|\OT1/cmr/m/n/12 Gamito and Erzini
 []


Underfull \hbox (badness 10000) in paragraph at lines 319--319
[]|\OT1/cmr/m/n/12 quaternary
 []


Underfull \hbox (badness 10000) in paragraph at lines 320--320
[]|\OT1/cmr/m/n/12 Gamito and Erzini
 []


Underfull \hbox (badness 10000) in paragraph at lines 320--320
[]|\OT1/cmr/m/n/12 quinary
 []


Underfull \hbox (badness 10000) in paragraph at lines 321--321
[]|\OT1/cmr/m/n/12 temperate
 []


Underfull \hbox (badness 10000) in paragraph at lines 322--322
[]|\OT1/cmr/m/n/12 Azores
 []


Underfull \hbox (badness 10000) in paragraph at lines 322--322
[]|\OT1/cmr/m/n/12 temperate
 []


Underfull \hbox (badness 10000) in paragraph at lines 323--323
[]|\OT1/cmr/m/n/12 tropical
 []


Underfull \hbox (badness 10000) in paragraph at lines 324--324
[]|\OT1/cmr/m/n/12 temperate
 []


Underfull \hbox (badness 10000) in paragraph at lines 325--325
[]|\OT1/cmr/m/n/12 tropical
 []


Underfull \hbox (badness 10000) in paragraph at lines 326--326
[]|\OT1/cmr/m/n/12 temperate
 []


Underfull \hbox (badness 6608) in paragraph at lines 327--327
[]|\OT1/cmr/m/n/12 Bay of Revel-
 []


Underfull \hbox (badness 10000) in paragraph at lines 327--327
[]|\OT1/cmr/m/n/12 temperate
 []


Underfull \hbox (badness 10000) in paragraph at lines 328--328
[]|\OT1/cmr/m/n/12 tropical
 []


Underfull \hbox (badness 10000) in paragraph at lines 329--329
[]|\OT1/cmr/m/n/12 Brunei Darus-
 []


Underfull \hbox (badness 10000) in paragraph at lines 329--329
[]|\OT1/cmr/m/n/12 tropical
 []


Underfull \hbox (badness 10000) in paragraph at lines 330--330
[]|\OT1/cmr/m/n/12 California up-
 []


Underfull \hbox (badness 10000) in paragraph at lines 330--330
[]|\OT1/cmr/m/n/12 upwelling
 []


Underfull \hbox (badness 10000) in paragraph at lines 331--331
[]|\OT1/cmr/m/n/12 tropical
 []


Underfull \hbox (badness 10000) in paragraph at lines 332--332
[]|\OT1/cmr/m/n/12 temperate
 []


Underfull \hbox (badness 10000) in paragraph at lines 334--334
[]|\OT1/cmr/m/n/12 Central North
 []


Underfull \hbox (badness 10000) in paragraph at lines 334--334
[]|\OT1/cmr/m/n/12 temperate
 []


Underfull \hbox (badness 10000) in paragraph at lines 335--335
[]|\OT1/cmr/m/n/12 temperate
 []


Underfull \hbox (badness 10000) in paragraph at lines 336--336
[]|\OT1/cmr/m/n/12 Chiku la-goon,
 []


Underfull \hbox (badness 1286) in paragraph at lines 337--337
[]|\OT1/cmr/m/n/12 Coast of West-
 []


Underfull \hbox (badness 10000) in paragraph at lines 337--337
[]|\OT1/cmr/m/n/12 tropical
 []


Overfull \hbox (37.19781pt too wide) in alignment at lines 318--338
 [] [] [] [] [] [] 
 []

[20] [21] [22]
Underfull \hbox (badness 10000) in paragraph at lines 338--338
[]|\OT1/cmr/m/n/12 Coastal ar-eas
 []


Underfull \hbox (badness 10000) in paragraph at lines 339--339
[]|\OT1/cmr/m/n/12 Continental
 []


Underfull \hbox (badness 10000) in paragraph at lines 339--339
[]|\OT1/cmr/m/n/12 tropical
 []


Underfull \hbox (badness 7522) in paragraph at lines 340--340
[]|\OT1/cmr/m/n/12 Eastern Bering
 []


Underfull \hbox (badness 10000) in paragraph at lines 340--340
[]|\OT1/cmr/m/n/12 temperate
 []


Underfull \hbox (badness 10000) in paragraph at lines 341--341
[]|\OT1/cmr/m/n/12 temperate
 []


Underfull \hbox (badness 10000) in paragraph at lines 342--342
[]|\OT1/cmr/m/n/12 temperate
 []


Underfull \hbox (badness 10000) in paragraph at lines 344--344
[]|\OT1/cmr/m/n/12 temperate
 []


Underfull \hbox (badness 10000) in paragraph at lines 345--345
[]|\OT1/cmr/m/n/12 temperate
 []


Underfull \hbox (badness 8151) in paragraph at lines 346--346
[]|\OT1/cmr/m/n/12 Floreana rocky
 []


Underfull \hbox (badness 10000) in paragraph at lines 346--346
[]|\OT1/cmr/m/n/12 tropical
 []


Underfull \hbox (badness 10000) in paragraph at lines 347--347
[]|\OT1/cmr/m/n/12 temperate
 []


Underfull \hbox (badness 10000) in paragraph at lines 348--348
[]|\OT1/cmr/m/n/12 Great Bar-rier
 []


Underfull \hbox (badness 10000) in paragraph at lines 348--348
[]|\OT1/cmr/m/n/12 tropical
 []


Underfull \hbox (badness 10000) in paragraph at lines 349--349
[]|\OT1/cmr/m/n/12 tropical
 []


Underfull \hbox (badness 10000) in paragraph at lines 350--350
[]|\OT1/cmr/m/n/12 temperate
 []


Underfull \hbox (badness 1173) in paragraph at lines 351--351
[]|\OT1/cmr/m/n/12 Gulf of Mex-ico
 []


Underfull \hbox (badness 10000) in paragraph at lines 351--351
[]|\OT1/cmr/m/n/12 tropical
 []


Underfull \hbox (badness 10000) in paragraph at lines 352--352
[]|\OT1/cmr/m/n/12 tropical
 []


Underfull \hbox (badness 10000) in paragraph at lines 353--353
[]|\OT1/cmr/m/n/12 tropical
 []


Underfull \hbox (badness 10000) in paragraph at lines 354--354
[]|\OT1/cmr/m/n/12 Icelandic fish-
 []


Underfull \hbox (badness 10000) in paragraph at lines 354--354
[]|\OT1/cmr/m/n/12 temperate
 []


Underfull \hbox (badness 10000) in paragraph at lines 355--355
[]|\OT1/cmr/m/n/12 Kuala Treng-
 []


Underfull \hbox (badness 10000) in paragraph at lines 355--355
[]|\OT1/cmr/m/n/12 tropical
 []


Underfull \hbox (badness 10000) in paragraph at lines 357--357
[]|\OT1/cmr/m/n/12 temperate
 []


Overfull \hbox (37.19781pt too wide) in alignment at lines 338--358
 [] [] [] [] [] [] 
 []

[23] [24]
Underfull \hbox (badness 10000) in paragraph at lines 358--358
[]|\OT1/cmr/m/n/12 temperate
 []


Underfull \hbox (badness 10000) in paragraph at lines 359--359
[]|\OT1/cmr/m/n/12 temperate
 []


Underfull \hbox (badness 1024) in paragraph at lines 360--360
[]|\OT1/cmr/m/n/12 North Benguela
 []


Underfull \hbox (badness 10000) in paragraph at lines 360--360
[]|\OT1/cmr/m/n/12 upwelling
 []


Underfull \hbox (badness 10000) in paragraph at lines 361--361
[]|\OT1/cmr/m/n/12 tropical
 []


Underfull \hbox (badness 10000) in paragraph at lines 362--362
[]|\OT1/cmr/m/n/12 temperate
 []


Underfull \hbox (badness 10000) in paragraph at lines 363--363
[]|\OT1/cmr/m/n/12 temperate
 []


Underfull \hbox (badness 10000) in paragraph at lines 364--364
[]|\OT1/cmr/m/n/12 temperate
 []


Underfull \hbox (badness 10000) in paragraph at lines 365--365
[]|\OT1/cmr/m/n/12 Northern-
 []


Underfull \hbox (badness 1147) in paragraph at lines 365--365
\OT1/cmr/m/n/12 central Adri-atic
 []


Underfull \hbox (badness 10000) in paragraph at lines 365--365
[]|\OT1/cmr/m/n/12 temperate
 []


Underfull \hbox (badness 7704) in paragraph at lines 366--366
[]|\OT1/cmr/m/n/12 Norwegian and
 []


Underfull \hbox (badness 10000) in paragraph at lines 366--366
[]|\OT1/cmr/m/n/12 temperate
 []


Underfull \hbox (badness 10000) in paragraph at lines 367--367
[]|\OT1/cmr/m/n/12 upwelling
 []


Underfull \hbox (badness 10000) in paragraph at lines 368--368
[]|\OT1/cmr/m/n/12 open
 []


Underfull \hbox (badness 10000) in paragraph at lines 370--370
[]|\OT1/cmr/m/n/12 upwelling
 []


Underfull \hbox (badness 6428) in paragraph at lines 371--371
[]|\OT1/cmr/m/n/12 Prince William
 []


Underfull \hbox (badness 10000) in paragraph at lines 371--371
[]|\OT1/cmr/m/n/12 temperate
 []


Underfull \hbox (badness 10000) in paragraph at lines 372--372
[]|\OT1/cmr/m/n/12 tropical
 []


Underfull \hbox (badness 10000) in paragraph at lines 373--373
[]|\OT1/cmr/m/n/12 tropical
 []


Underfull \hbox (badness 10000) in paragraph at lines 374--374
[]|\OT1/cmr/m/n/12 temperate
 []


Underfull \hbox (badness 10000) in paragraph at lines 375--375
[]|\OT1/cmr/m/n/12 tropical
 []


Underfull \hbox (badness 10000) in paragraph at lines 376--376
[]|\OT1/cmr/m/n/12 South Cata-lan
 []


Underfull \hbox (badness 10000) in paragraph at lines 376--376
[]|\OT1/cmr/m/n/12 temperate
 []


Underfull \hbox (badness 10000) in paragraph at lines 377--377
[]|\OT1/cmr/m/n/12 South China
 []


Underfull \hbox (badness 10000) in paragraph at lines 377--377
[]|\OT1/cmr/m/n/12 tropical
 []


Overfull \hbox (37.19781pt too wide) in alignment at lines 358--378
 [] [] [] [] [] [] 
 []

[25]
Underfull \hbox (badness 10000) in paragraph at lines 378--378
[]|\OT1/cmr/m/n/12 tropical
 []


Underfull \hbox (badness 10000) in paragraph at lines 379--379
[]|\OT1/cmr/m/n/12 tropical
 []


Underfull \hbox (badness 10000) in paragraph at lines 380--380
[]|\OT1/cmr/m/n/12 tropical
 []


Underfull \hbox (badness 10000) in paragraph at lines 381--381
[]|\OT1/cmr/m/n/12 Temperate
 []


Underfull \hbox (badness 10000) in paragraph at lines 381--381
[]|\OT1/cmr/m/n/12 temperate
 []


Underfull \hbox (badness 10000) in paragraph at lines 382--382
[]|\OT1/cmr/m/n/12 tropical
 []


Underfull \hbox (badness 10000) in paragraph at lines 383--383
[]|\OT1/cmr/m/n/12 upwelling
 []


Underfull \hbox (badness 10000) in paragraph at lines 384--384
[]|\OT1/cmr/m/n/12 Venezuela
 []


Underfull \hbox (badness 10000) in paragraph at lines 384--384
\OT1/cmr/m/n/12 north-east-ern
 []


Underfull \hbox (badness 10000) in paragraph at lines 384--384
[]|\OT1/cmr/m/n/12 tropical
 []


Underfull \hbox (badness 10000) in paragraph at lines 386--386
[]|\OT1/cmr/m/n/12 Vietnam-China
 []


Underfull \hbox (badness 10000) in paragraph at lines 386--386
[]|\OT1/cmr/m/n/12 tropical
 []


Underfull \hbox (badness 10000) in paragraph at lines 387--387
[]|\OT1/cmr/m/n/12 West Coast
 []


Underfull \hbox (badness 10000) in paragraph at lines 387--387
\OT1/cmr/m/n/12 of Van-cou-ver
 []


Underfull \hbox (badness 10000) in paragraph at lines 387--387
[]|\OT1/cmr/m/n/12 temperate
 []


Underfull \hbox (badness 10000) in paragraph at lines 388--388
[]|\OT1/cmr/m/n/12 temperate
 []


Underfull \hbox (badness 10000) in paragraph at lines 389--389
[]|\OT1/cmr/m/n/12 temperate
 []


Underfull \hbox (badness 10000) in paragraph at lines 390--390
[]|\OT1/cmr/m/n/12 Tapong Bay,
 []


Underfull \hbox (badness 10000) in paragraph at lines 390--390
\OT1/cmr/m/n/12 south-west-ern
 []


Underfull \hbox (badness 10000) in paragraph at lines 390--390
[]|\OT1/cmr/m/n/12 tropical
 []


Underfull \hbox (badness 10000) in paragraph at lines 391--391
[]|\OT1/cmr/m/n/12 Nanwan Bay,
 []


Underfull \hbox (badness 10000) in paragraph at lines 391--391
[]|\OT1/cmr/m/n/12 tropical
 []


Underfull \hbox (badness 10000) in paragraph at lines 391--391
[]|\OT1/cmr/m/n/12 primary
 []


Underfull \hbox (badness 10000) in paragraph at lines 392--392
[]|\OT1/cmr/m/n/12 Nanwan Bay,
 []


Underfull \hbox (badness 10000) in paragraph at lines 392--392
[]|\OT1/cmr/m/n/12 tropical
 []


Underfull \hbox (badness 10000) in paragraph at lines 392--392
[]|\OT1/cmr/m/n/12 secondary
 []


Underfull \hbox (badness 10000) in paragraph at lines 393--393
[]|\OT1/cmr/m/n/12 Nanwan Bay,
 []


Underfull \hbox (badness 10000) in paragraph at lines 393--393
[]|\OT1/cmr/m/n/12 tropical
 []


Underfull \hbox (badness 10000) in paragraph at lines 393--393
[]|\OT1/cmr/m/n/12 tertiary
 []


Underfull \hbox (badness 10000) in paragraph at lines 394--394
[]|\OT1/cmr/m/n/12 Nanwan Bay,
 []


Underfull \hbox (badness 10000) in paragraph at lines 394--394
[]|\OT1/cmr/m/n/12 tropical
 []


Underfull \hbox (badness 10000) in paragraph at lines 394--394
[]|\OT1/cmr/m/n/12 quaternary
 []


Underfull \hbox (badness 10000) in paragraph at lines 395--395
[]|\OT1/cmr/m/n/12 Manickchand-
 []


Underfull \hbox (badness 10000) in paragraph at lines 395--395
\OT1/cmr/m/n/12 Heileman et al.
 []


Underfull \hbox (badness 5548) in paragraph at lines 395--395
[]|\OT1/cmr/m/n/12 Gulf of Paria,
 []


Underfull \hbox (badness 10000) in paragraph at lines 395--395
\OT1/cmr/m/n/12 Venezuela and
 []


Underfull \hbox (badness 10000) in paragraph at lines 395--395
[]|\OT1/cmr/m/n/12 tropical
 []


Underfull \hbox (badness 1365) in paragraph at lines 396--396
[]|\OT1/cmr/m/n/12 Neira and Aran-cibia
 []


Underfull \hbox (badness 10000) in paragraph at lines 396--396
[]|\OT1/cmr/m/n/12 upwelling Cen-
 []


Underfull \hbox (badness 10000) in paragraph at lines 396--396
[]|\OT1/cmr/m/n/12 upwelling
 []


Underfull \hbox (badness 10000) in paragraph at lines 396--396
[]|\OT1/cmr/m/n/12 primary
 []


Underfull \hbox (badness 1365) in paragraph at lines 397--397
[]|\OT1/cmr/m/n/12 Neira and Aran-cibia
 []


Underfull \hbox (badness 10000) in paragraph at lines 397--397
[]|\OT1/cmr/m/n/12 upwelling Cen-
 []


Underfull \hbox (badness 10000) in paragraph at lines 397--397
[]|\OT1/cmr/m/n/12 upwelling
 []


Underfull \hbox (badness 10000) in paragraph at lines 397--397
[]|\OT1/cmr/m/n/12 secondary
 []


Overfull \hbox (37.19781pt too wide) in alignment at lines 378--398
 [] [] [] [] [] [] 
 []

[26] [27]
Underfull \hbox (badness 1365) in paragraph at lines 398--398
[]|\OT1/cmr/m/n/12 Neira and Aran-cibia
 []


Underfull \hbox (badness 10000) in paragraph at lines 398--398
[]|\OT1/cmr/m/n/12 upwelling Cen-
 []


Underfull \hbox (badness 10000) in paragraph at lines 398--398
[]|\OT1/cmr/m/n/12 upwelling
 []


Underfull \hbox (badness 10000) in paragraph at lines 398--398
[]|\OT1/cmr/m/n/12 tertiary
 []


Underfull \hbox (badness 1365) in paragraph at lines 399--399
[]|\OT1/cmr/m/n/12 Neira and Aran-cibia
 []


Underfull \hbox (badness 10000) in paragraph at lines 399--399
[]|\OT1/cmr/m/n/12 upwelling Cen-
 []


Underfull \hbox (badness 10000) in paragraph at lines 399--399
[]|\OT1/cmr/m/n/12 upwelling
 []


Underfull \hbox (badness 10000) in paragraph at lines 399--399
[]|\OT1/cmr/m/n/12 quaternary
 []


Underfull \hbox (badness 1365) in paragraph at lines 400--400
[]|\OT1/cmr/m/n/12 Neira and Aran-cibia
 []


Underfull \hbox (badness 10000) in paragraph at lines 400--400
[]|\OT1/cmr/m/n/12 upwelling Cen-
 []


Underfull \hbox (badness 10000) in paragraph at lines 400--400
[]|\OT1/cmr/m/n/12 upwelling
 []


Underfull \hbox (badness 10000) in paragraph at lines 400--400
[]|\OT1/cmr/m/n/12 quinary
 []


Underfull \hbox (badness 10000) in paragraph at lines 401--401
[]|\OT1/cmr/m/n/12 Pauly and Chris-
 []


Underfull \hbox (badness 10000) in paragraph at lines 402--402
[]|\OT1/cmr/m/n/12 Rybarczyk and
 []


Underfull \hbox (badness 10000) in paragraph at lines 402--402
[]|\OT1/cmr/m/n/12 temperate
 []


Underfull \hbox (badness 10000) in paragraph at lines 402--402
[]|\OT1/cmr/m/n/12 primary
 []


Underfull \hbox (badness 10000) in paragraph at lines 403--403
[]|\OT1/cmr/m/n/12 Rybarczyk and
 []


Underfull \hbox (badness 10000) in paragraph at lines 403--403
[]|\OT1/cmr/m/n/12 temperate
 []


Underfull \hbox (badness 10000) in paragraph at lines 403--403
[]|\OT1/cmr/m/n/12 primary
 []


Underfull \hbox (badness 10000) in paragraph at lines 404--404
[]|\OT1/cmr/m/n/12 Rybarczyk and
 []


Underfull \hbox (badness 10000) in paragraph at lines 404--404
[]|\OT1/cmr/m/n/12 temperate
 []


Underfull \hbox (badness 10000) in paragraph at lines 404--404
[]|\OT1/cmr/m/n/12 primary
 []


Underfull \hbox (badness 10000) in paragraph at lines 405--405
[]|\OT1/cmr/m/n/12 Rybarczyk and
 []


Underfull \hbox (badness 10000) in paragraph at lines 405--405
[]|\OT1/cmr/m/n/12 Narragansett
 []


Underfull \hbox (badness 10000) in paragraph at lines 405--405
[]|\OT1/cmr/m/n/12 temperate
 []


Underfull \hbox (badness 10000) in paragraph at lines 405--405
[]|\OT1/cmr/m/n/12 primary
 []


Underfull \hbox (badness 10000) in paragraph at lines 406--406
[]|\OT1/cmr/m/n/12 Rybarczyk and
 []


Underfull \hbox (badness 10000) in paragraph at lines 406--406
[]|\OT1/cmr/m/n/12 temperate
 []


Underfull \hbox (badness 10000) in paragraph at lines 406--406
[]|\OT1/cmr/m/n/12 primary
 []


Underfull \hbox (badness 10000) in paragraph at lines 407--407
[]|\OT1/cmr/m/n/12 open
 []


Underfull \hbox (badness 10000) in paragraph at lines 407--407
[]|\OT1/cmr/m/n/12 primary
 []


Underfull \hbox (badness 10000) in paragraph at lines 408--408
[]|\OT1/cmr/m/n/12 temperate
 []


Underfull \hbox (badness 10000) in paragraph at lines 409--409
[]|\OT1/cmr/m/n/12 temperate
 []


Underfull \hbox (badness 10000) in paragraph at lines 410--410
[]|\OT1/cmr/m/n/12 temperate
 []


Underfull \hbox (badness 10000) in paragraph at lines 412--412
[]|\OT1/cmr/m/n/12 temperate
 []


Underfull \hbox (badness 10000) in paragraph at lines 412--412
[]|\OT1/cmr/m/n/12 primary
 []


Underfull \hbox (badness 10000) in paragraph at lines 413--413
[]|\OT1/cmr/m/n/12 temperate
 []


Underfull \hbox (badness 10000) in paragraph at lines 413--413
[]|\OT1/cmr/m/n/12 primary
 []


Underfull \hbox (badness 10000) in paragraph at lines 414--414
[]|\OT1/cmr/m/n/12 temperate
 []


Underfull \hbox (badness 10000) in paragraph at lines 414--414
[]|\OT1/cmr/m/n/12 secondary
 []


Underfull \hbox (badness 10000) in paragraph at lines 415--415
[]|\OT1/cmr/m/n/12 Mid-Atlantic
 []


Underfull \hbox (badness 10000) in paragraph at lines 415--415
[]|\OT1/cmr/m/n/12 tropical
 []


Underfull \hbox (badness 10000) in paragraph at lines 415--415
[]|\OT1/cmr/m/n/12 primary
 []


Underfull \hbox (badness 10000) in paragraph at lines 416--416
[]|\OT1/cmr/m/n/12 Mid-Atlantic
 []


Underfull \hbox (badness 10000) in paragraph at lines 416--416
[]|\OT1/cmr/m/n/12 tropical
 []


Underfull \hbox (badness 10000) in paragraph at lines 416--416
[]|\OT1/cmr/m/n/12 secondary
 []


Underfull \hbox (badness 10000) in paragraph at lines 417--417
[]|\OT1/cmr/m/n/12 Nova Sco-tia
 []


Underfull \hbox (badness 10000) in paragraph at lines 417--417
[]|\OT1/cmr/m/n/12 temperate
 []


Underfull \hbox (badness 10000) in paragraph at lines 417--417
[]|\OT1/cmr/m/n/12 primary
 []


Overfull \hbox (37.19781pt too wide) in alignment at lines 398--418
 [] [] [] [] [] [] 
 []

[28] [29]
Underfull \hbox (badness 10000) in paragraph at lines 418--418
[]|\OT1/cmr/m/n/12 Nova Sco-tia
 []


Underfull \hbox (badness 10000) in paragraph at lines 418--418
[]|\OT1/cmr/m/n/12 temperate
 []


Underfull \hbox (badness 10000) in paragraph at lines 418--418
[]|\OT1/cmr/m/n/12 secondary
 []


Underfull \hbox (badness 10000) in paragraph at lines 419--419
[]|\OT1/cmr/m/n/12 temperate
 []


Underfull \hbox (badness 10000) in paragraph at lines 419--419
[]|\OT1/cmr/m/n/12 primary
 []


Underfull \hbox (badness 10000) in paragraph at lines 420--420
[]|\OT1/cmr/m/n/12 temperate
 []


Underfull \hbox (badness 10000) in paragraph at lines 420--420
[]|\OT1/cmr/m/n/12 secondary
 []


Underfull \hbox (badness 10000) in paragraph at lines 421--421
[]|\OT1/cmr/m/n/12 SW Britisth
 []


Underfull \hbox (badness 10000) in paragraph at lines 421--421
[]|\OT1/cmr/m/n/12 temperate
 []


Underfull \hbox (badness 10000) in paragraph at lines 421--421
[]|\OT1/cmr/m/n/12 primary
 []


Underfull \hbox (badness 10000) in paragraph at lines 422--422
[]|\OT1/cmr/m/n/12 SW Britisth
 []


Underfull \hbox (badness 10000) in paragraph at lines 422--422
[]|\OT1/cmr/m/n/12 temperate
 []


Underfull \hbox (badness 10000) in paragraph at lines 422--422
[]|\OT1/cmr/m/n/12 secondary
 []


Overfull \hbox (37.19781pt too wide) in alignment at lines 418--426
 [] [] [] [] [] [] 
 []

[30] [31] [32] [33] [34] [35] [36]
<fig/hist_ppr_1950_2010.png, id=595, 569.0058pt x 426.6339pt>
File: fig/hist_ppr_1950_2010.png Graphic file (type png)
<use fig/hist_ppr_1950_2010.png>
Package pdftex.def Info: fig/hist_ppr_1950_2010.png  used on input line 467.
(pdftex.def)             Requested size: 361.35136pt x 270.93555pt.
 [37pdfTeX warning (ext4): destination with the same identifier (name{figure.2.
6}) has been already used, duplicate ignored

\AtBegShi@Output ...ipout \box \AtBeginShipoutBox 
                                                  \fi \fi 
l.474 
       <./fig/hist_ppr_1950_2010.png>] [38] [39] [40]
Chapter 3.
[41

] [42] [43]
Overfull \hbox (18.94693pt too wide) in paragraph at lines 530--543
 [][] 
 []

[44pdfTeX warning (ext4): destination with the same identifier (name{table.3.1}
) has been already used, duplicate ignored

\AtBegShi@Output ...ipout \box \AtBeginShipoutBox 
                                                  \fi \fi 
l.547 
      ]
<fig/SeaWiFSmhi.png, id=748, 560.8453pt x 531.48563pt>
File: fig/SeaWiFSmhi.png Graphic file (type png)
<use fig/SeaWiFSmhi.png>
Package pdftex.def Info: fig/SeaWiFSmhi.png  used on input line 550.
(pdftex.def)             Requested size: 316.17987pt x 299.62494pt.
 [45] [46pdfTeX warning (ext4): destination with the same identifier (name{figu
re.3.1}) has been already used, duplicate ignored

\AtBegShi@Output ...ipout \box \AtBeginShipoutBox 
                                                  \fi \fi 
l.558 
       <./fig/SeaWiFSmhi.png>] [47] [48]
<fig/distassump.png, id=846, 654.2844pt x 569.0058pt>
File: fig/distassump.png Graphic file (type png)
<use fig/distassump.png>
Package pdftex.def Info: fig/distassump.png  used on input line 614.
(pdftex.def)             Requested size: 406.51599pt x 353.52663pt.
 [49pdfTeX warning (ext4): destination with the same identifier (name{table.3.2
}) has been already used, duplicate ignored

\AtBegShi@Output ...ipout \box \AtBeginShipoutBox 
                                                  \fi \fi 
l.618 
      ] [50pdfTeX warning (ext4): destination with the same identifier (name{fi
gure.3.2}) has been already used, duplicate ignored

\AtBegShi@Output ...ipout \box \AtBeginShipoutBox 
                                                  \fi \fi 
l.621 
       <./fig/distassump.png>]
Overfull \hbox (42.79947pt too wide) in paragraph at lines 625--635
 [][] 
 []

[51pdfTeX warning (ext4): destination with the same identifier (name{table.3.3}
) has been already used, duplicate ignored

\AtBegShi@Output ...ipout \box \AtBeginShipoutBox 
                                                  \fi \fi 
l.660 
      pdfTeX warning (ext4): destination with the same identifier (name{table.3
.4}) has been already used, duplicate ignored

\AtBegShi@Output ...ipout \box \AtBeginShipoutBox 
                                                  \fi \fi 
l.660 
      ]
<fig/scen4and7distsim.png, id=891, 825.0825pt x 369.7815pt>
File: fig/scen4and7distsim.png Graphic file (type png)
<use fig/scen4and7distsim.png>
Package pdftex.def Info: fig/scen4and7distsim.png  used on input line 667.
(pdftex.def)             Requested size: 451.6875pt x 202.43816pt.
 [52]
<fig/biomass2_hist_box_v3.png, id=905, 569.0058pt x 284.5029pt>
File: fig/biomass2_hist_box_v3.png Graphic file (type png)
<use fig/biomass2_hist_box_v3.png>
Package pdftex.def Info: fig/biomass2_hist_box_v3.png  used on input line 678.
(pdftex.def)             Requested size: 451.6875pt x 225.84445pt.
 [53pdfTeX warning (ext4): destination with the same identifier (name{figure.3.
3}) has been already used, duplicate ignored

\AtBegShi@Output ...ipout \box \AtBeginShipoutBox 
                                                  \fi \fi 
l.682 
       <./fig/scen4and7distsim.png>] [54pdfTeX warning (ext4): destination with
 the same identifier (name{figure.3.4}) has been already used, duplicate ignore
d

\AtBegShi@Output ...ipout \box \AtBeginShipoutBox 
                                                  \fi \fi 
l.706 
      pdfTeX warning (ext4): destination with the same identifier (name{table.3
.5}) has been already used, duplicate ignored

\AtBegShi@Output ...ipout \box \AtBeginShipoutBox 
                                                  \fi \fi 
l.706 
       <./fig/biomass2_hist_box_v3.png>]
<fig/biomass3_hist_box_v3.png, id=927, 569.0058pt x 284.5029pt>
File: fig/biomass3_hist_box_v3.png Graphic file (type png)
<use fig/biomass3_hist_box_v3.png>
Package pdftex.def Info: fig/biomass3_hist_box_v3.png  used on input line 709.
(pdftex.def)             Requested size: 451.6875pt x 225.84445pt.
 [55]
<fig/biomass4_hist_box_v3.png, id=940, 597.432pt x 284.5029pt>
File: fig/biomass4_hist_box_v3.png Graphic file (type png)
<use fig/biomass4_hist_box_v3.png>
Package pdftex.def Info: fig/biomass4_hist_box_v3.png  used on input line 718.
(pdftex.def)             Requested size: 451.6875pt x 215.10442pt.
 [56pdfTeX warning (ext4): destination with the same identifier (name{figure.3.
5}) has been already used, duplicate ignored

\AtBegShi@Output ...ipout \box \AtBeginShipoutBox 
                                                  \fi \fi 
l.722 
       <./fig/biomass3_hist_box_v3.png>] [57pdfTeX warning (ext4): destination 
with the same identifier (name{figure.3.6}) has been already used, duplicate ig
nored

\AtBegShi@Output ...ipout \box \AtBeginShipoutBox 
                                                  \fi \fi 
l.726 
       <./fig/biomass4_hist_box_v3.png>] [58]

Package natbib Warning: Citation `gregg2003ocean' on page 59 undefined on input
 line 737.


Package natbib Warning: Citation `walther2002ecological' on page 59 undefined o
n input line 737.


Package natbib Warning: Citation `san2006latitudinal' on page 59 undefined on i
nput line 737.

[59] [60]
Chapter 4.
[61

]
Appendix A.
[62

]
<fig/tree.png, id=995, 739.563pt x 426.6339pt>
File: fig/tree.png Graphic file (type png)
<use fig/tree.png>
Package pdftex.def Info: fig/tree.png  used on input line 778.
(pdftex.def)             Requested size: 451.6875pt x 260.57178pt.
 [63] [64pdfTeX warning (ext4): destination with the same identifier (name{figu
re.A.1}) has been already used, duplicate ignored

\AtBegShi@Output ...ipout \box \AtBeginShipoutBox 
                                                  \fi \fi 
l.785 
       <./fig/tree.png>]
<fig/cullen_frey_te.png, id=1018, 455.0601pt x 312.9291pt>
File: fig/cullen_frey_te.png Graphic file (type png)
<use fig/cullen_frey_te.png>
Package pdftex.def Info: fig/cullen_frey_te.png  used on input line 802.
(pdftex.def)             Requested size: 361.35136pt x 248.50049pt.
<fig/gof_te.png, id=1023, 455.0601pt x 312.9291pt>
File: fig/gof_te.png Graphic file (type png)
<use fig/gof_te.png>
Package pdftex.def Info: fig/gof_te.png  used on input line 809.
(pdftex.def)             Requested size: 361.35136pt x 248.50049pt.
 [65pdfTeX warning (ext4): destination with the same identifier (name{table.A.1
}) has been already used, duplicate ignored

\AtBegShi@Output ...ipout \box \AtBeginShipoutBox 
                                                  \fi \fi 
l.813 
      pdfTeX warning (ext4): destination with the same identifier (name{figure.
A.2}) has been already used, duplicate ignored

\AtBegShi@Output ...ipout \box \AtBeginShipoutBox 
                                                  \fi \fi 
l.813 
       <./fig/cullen_frey_te.png>] [66pdfTeX warning (ext4): destination with t
he same identifier (name{figure.A.3}) has been already used, duplicate ignored

\AtBegShi@Output ...ipout \box \AtBeginShipoutBox 
                                                  \fi \fi 
l.816 
       <./fig/gof_te.png>] [67]
Appendix B.
[68

]
File: fig/SeaWiFSmhi.png Graphic file (type png)
<use fig/SeaWiFSmhi.png>
Package pdftex.def Info: fig/SeaWiFSmhi.png  used on input line 843.
(pdftex.def)             Requested size: 316.17987pt x 299.62494pt.


LaTeX Warning: Reference `SeaWiFSmhi_eda1' on page 69 undefined on input line 8
48.

[69pdfTeX warning (ext4): destination with the same identifier (name{figure.B.1
}) has been already used, duplicate ignored

\AtBegShi@Output ...ipout \box \AtBeginShipoutBox 
                                                  \fi \fi 
l.849 
      ]
<fig/seawifs_acf.png, id=1104, 440.39531pt x 319.1925pt>
File: fig/seawifs_acf.png Graphic file (type png)
<use fig/seawifs_acf.png>
Package pdftex.def Info: fig/seawifs_acf.png  used on input line 852.
(pdftex.def)             Requested size: 316.17987pt x 229.17064pt.
<fig/seawifs_pacf.png, id=1111, 440.39531pt x 319.1925pt>
File: fig/seawifs_pacf.png Graphic file (type png)
<use fig/seawifs_pacf.png>
Package pdftex.def Info: fig/seawifs_pacf.png  used on input line 859.
(pdftex.def)             Requested size: 316.17987pt x 229.17064pt.
 [70pdfTeX warning (ext4): destination with the same identifier (name{figure.B.
2}) has been already used, duplicate ignored

\AtBegShi@Output ...ipout \box \AtBeginShipoutBox 
                                                  \fi \fi 
l.863 
       <./fig/seawifs_acf.png>]
<fig/seawifs_periodic.png, id=1124, 440.39531pt x 319.1925pt>
File: fig/seawifs_periodic.png Graphic file (type png)
<use fig/seawifs_periodic.png>
Package pdftex.def Info: fig/seawifs_periodic.png  used on input line 866.
(pdftex.def)             Requested size: 316.17987pt x 229.17064pt.
 [71pdfTeX warning (ext4): destination with the same identifier (name{figure.B.
3}) has been already used, duplicate ignored

\AtBegShi@Output ...ipout \box \AtBeginShipoutBox 
                                                  \fi \fi 
l.872 
      pdfTeX warning (ext4): destination with the same identifier (name{figure.
B.4}) has been already used, duplicate ignored

\AtBegShi@Output ...ipout \box \AtBeginShipoutBox 
                                                  \fi \fi 
l.872 
       <./fig/seawifs_pacf.png> <./fig/seawifs_periodic.png>] [72pdfTeX warning
 (ext4): destination with the same identifier (name{table.B.1}) has been alread
y used, duplicate ignored

\AtBegShi@Output ...ipout \box \AtBeginShipoutBox 
                                                  \fi \fi 
l.899 
      ]
<fig/Scen2gof.png, id=1167, 503.63156pt x 464.4853pt>
File: fig/Scen2gof.png Graphic file (type png)
<use fig/Scen2gof.png>
Package pdftex.def Info: fig/Scen2gof.png  used on input line 916.
(pdftex.def)             Requested size: 316.17987pt x 291.60669pt.
 [73pdfTeX warning (ext4): destination with the same identifier (name{table.B.2
}) has been already used, duplicate ignored

\AtBegShi@Output ...ipout \box \AtBeginShipoutBox 
                                                  \fi \fi 
l.920 
      ]
<fig/Scen2gof2.png, id=1180, 503.63156pt x 464.4853pt>
File: fig/Scen2gof2.png Graphic file (type png)
<use fig/Scen2gof2.png>
Package pdftex.def Info: fig/Scen2gof2.png  used on input line 923.
(pdftex.def)             Requested size: 316.17987pt x 291.60669pt.
 [74pdfTeX warning (ext4): destination with the same identifier (name{figure.B.
5}) has been already used, duplicate ignored

\AtBegShi@Output ...ipout \box \AtBeginShipoutBox 
                                                  \fi \fi 
l.927 
       <./fig/Scen2gof.png>] [75pdfTeX warning (ext4): destination with the sam
e identifier (name{figure.B.6}) has been already used, duplicate ignored

\AtBegShi@Output ...ipout \box \AtBeginShipoutBox 
                                                  \fi \fi 
l.930 
       <./fig/Scen2gof2.png>]
File: fig/cullen_frey_te.png Graphic file (type png)
<use fig/cullen_frey_te.png>
Package pdftex.def Info: fig/cullen_frey_te.png  used on input line 947.
(pdftex.def)             Requested size: 361.35136pt x 248.50049pt.
 [76pdfTeX warning (ext4): destination with the same identifier (name{table.B.3
}) has been already used, duplicate ignored

\AtBegShi@Output ...ipout \box \AtBeginShipoutBox 
                                                  \fi \fi 
l.951 
      ]
File: fig/gof_te.png Graphic file (type png)
<use fig/gof_te.png>
Package pdftex.def Info: fig/gof_te.png  used on input line 954.
(pdftex.def)             Requested size: 361.35136pt x 248.50049pt.
 [77pdfTeX warning (ext4): destination with the same identifier (name{figure.B.
7}) has been already used, duplicate ignored

\AtBegShi@Output ...ipout \box \AtBeginShipoutBox 
                                                  \fi \fi 
l.958 
      ]
<fig/cullen_frey_te2.png, id=1241, 455.0601pt x 312.9291pt>
File: fig/cullen_frey_te2.png Graphic file (type png)
<use fig/cullen_frey_te2.png>
Package pdftex.def Info: fig/cullen_frey_te2.png  used on input line 975.
(pdftex.def)             Requested size: 361.35136pt x 248.50049pt.
 [78pdfTeX warning (ext4): destination with the same identifier (name{figure.B.
8}) has been already used, duplicate ignored

\AtBegShi@Output ...ipout \box \AtBeginShipoutBox 
                                                  \fi \fi 
l.979 
      pdfTeX warning (ext4): destination with the same identifier (name{table.B
.4}) has been already used, duplicate ignored

\AtBegShi@Output ...ipout \box \AtBeginShipoutBox 
                                                  \fi \fi 
l.979 
      ]
<fig/gof_te2.png, id=1251, 455.0601pt x 312.9291pt>
File: fig/gof_te2.png Graphic file (type png)
<use fig/gof_te2.png>
Package pdftex.def Info: fig/gof_te2.png  used on input line 982.
(pdftex.def)             Requested size: 361.35136pt x 248.50049pt.
 [79pdfTeX warning (ext4): destination with the same identifier (name{figure.B.
9}) has been already used, duplicate ignored

\AtBegShi@Output ...ipout \box \AtBeginShipoutBox 
                                                  \fi \fi 
l.986 
       <./fig/cullen_frey_te2.png>]
<fig/cullen_frey_te3.png, id=1261, 455.0601pt x 312.9291pt>
File: fig/cullen_frey_te3.png Graphic file (type png)
<use fig/cullen_frey_te3.png>
Package pdftex.def Info: fig/cullen_frey_te3.png  used on input line 1003.
(pdftex.def)             Requested size: 361.35136pt x 248.50049pt.
 [80pdfTeX warning (ext4): destination with the same identifier (name{figure.B.
10}) has been already used, duplicate ignored

\AtBegShi@Output ...ipout \box \AtBeginShipoutBox 
                                                  \fi \fi 
l.1007 
       pdfTeX warning (ext4): destination with the same identifier (name{table.
B.5}) has been already used, duplicate ignored

\AtBegShi@Output ...ipout \box \AtBeginShipoutBox 
                                                  \fi \fi 
l.1007 
        <./fig/gof_te2.png>]
<fig/gof_te3.png, id=1271, 455.0601pt x 312.9291pt>
File: fig/gof_te3.png Graphic file (type png)
<use fig/gof_te3.png>
Package pdftex.def Info: fig/gof_te3.png  used on input line 1010.
(pdftex.def)             Requested size: 361.35136pt x 248.50049pt.
 [81pdfTeX warning (ext4): destination with the same identifier (name{figure.B.
11}) has been already used, duplicate ignored

\AtBegShi@Output ...ipout \box \AtBeginShipoutBox 
                                                  \fi \fi 
l.1014 
        <./fig/cullen_frey_te3.png>]
<fig/cullen_frey_te4.png, id=1281, 455.0601pt x 312.9291pt>
File: fig/cullen_frey_te4.png Graphic file (type png)
<use fig/cullen_frey_te4.png>
Package pdftex.def Info: fig/cullen_frey_te4.png  used on input line 1031.
(pdftex.def)             Requested size: 361.35136pt x 248.50049pt.
 [82pdfTeX warning (ext4): destination with the same identifier (name{figure.B.
12}) has been already used, duplicate ignored

\AtBegShi@Output ...ipout \box \AtBeginShipoutBox 
                                                  \fi \fi 
l.1035 
       pdfTeX warning (ext4): destination with the same identifier (name{table.
B.6}) has been already used, duplicate ignored

\AtBegShi@Output ...ipout \box \AtBeginShipoutBox 
                                                  \fi \fi 
l.1035 
        <./fig/gof_te3.png>]
<fig/gof_te4.png, id=1291, 455.0601pt x 312.9291pt>
File: fig/gof_te4.png Graphic file (type png)
<use fig/gof_te4.png>
Package pdftex.def Info: fig/gof_te4.png  used on input line 1038.
(pdftex.def)             Requested size: 361.35136pt x 248.50049pt.
 [83pdfTeX warning (ext4): destination with the same identifier (name{figure.B.
13}) has been already used, duplicate ignored

\AtBegShi@Output ...ipout \box \AtBeginShipoutBox 
                                                  \fi \fi 
l.1042 
        <./fig/cullen_frey_te4.png>]
Overfull \hbox (7.54904pt too wide) in paragraph at lines 1045--1046
[]\OT1/cmr/m/n/12 Estimated trophic lev-els (ra-tio-nal num-bers) were cal-cu-l
ated from the Fish-Base database
 []

[84pdfTeX warning (ext4): destination with the same identifier (name{figure.B.1
4}) has been already used, duplicate ignored

\AtBegShi@Output ...ipout \box \AtBeginShipoutBox 
                                                  \fi \fi 
l.1049 
        <./fig/gof_te4.png>]
<fig/cullen_frey_l2.png, id=1322, 455.0601pt x 312.9291pt>
File: fig/cullen_frey_l2.png Graphic file (type png)
<use fig/cullen_frey_l2.png>
Package pdftex.def Info: fig/cullen_frey_l2.png  used on input line 1066.
(pdftex.def)             Requested size: 361.35136pt x 248.50049pt.
 [85pdfTeX warning (ext4): destination with the same identifier (name{table.B.7
}) has been already used, duplicate ignored

\AtBegShi@Output ...ipout \box \AtBeginShipoutBox 
                                                  \fi \fi 
l.1070 
       ]
<fig/gof_l2.png, id=1341, 455.0601pt x 312.9291pt>
File: fig/gof_l2.png Graphic file (type png)
<use fig/gof_l2.png>
Package pdftex.def Info: fig/gof_l2.png  used on input line 1073.
(pdftex.def)             Requested size: 361.35136pt x 248.50049pt.
 [86pdfTeX warning (ext4): destination with the same identifier (name{figure.B.
15}) has been already used, duplicate ignored

\AtBegShi@Output ...ipout \box \AtBeginShipoutBox 
                                                  \fi \fi 
l.1077 
        <./fig/cullen_frey_l2.png>]
<fig/cullen_frey_l3.png, id=1352, 455.0601pt x 312.9291pt>
File: fig/cullen_frey_l3.png Graphic file (type png)
<use fig/cullen_frey_l3.png>
Package pdftex.def Info: fig/cullen_frey_l3.png  used on input line 1094.
(pdftex.def)             Requested size: 361.35136pt x 248.50049pt.
 [87pdfTeX warning (ext4): destination with the same identifier (name{figure.B.
16}) has been already used, duplicate ignored

\AtBegShi@Output ...ipout \box \AtBeginShipoutBox 
                                                  \fi \fi 
l.1098 
       pdfTeX warning (ext4): destination with the same identifier (name{table.
B.8}) has been already used, duplicate ignored

\AtBegShi@Output ...ipout \box \AtBeginShipoutBox 
                                                  \fi \fi 
l.1098 
        <./fig/gof_l2.png>]
<fig/gof_l3.png, id=1362, 455.0601pt x 312.9291pt>
File: fig/gof_l3.png Graphic file (type png)
<use fig/gof_l3.png>
Package pdftex.def Info: fig/gof_l3.png  used on input line 1101.
(pdftex.def)             Requested size: 361.35136pt x 248.50049pt.
 [88pdfTeX warning (ext4): destination with the same identifier (name{figure.B.
17}) has been already used, duplicate ignored

\AtBegShi@Output ...ipout \box \AtBeginShipoutBox 
                                                  \fi \fi 
l.1105 
        <./fig/cullen_frey_l3.png>]
<fig/cullen_frey_l4.png, id=1373, 455.0601pt x 312.9291pt>
File: fig/cullen_frey_l4.png Graphic file (type png)
<use fig/cullen_frey_l4.png>
Package pdftex.def Info: fig/cullen_frey_l4.png  used on input line 1122.
(pdftex.def)             Requested size: 361.35136pt x 248.50049pt.
 [89pdfTeX warning (ext4): destination with the same identifier (name{figure.B.
18}) has been already used, duplicate ignored

\AtBegShi@Output ...ipout \box \AtBeginShipoutBox 
                                                  \fi \fi 
l.1126 
       pdfTeX warning (ext4): destination with the same identifier (name{table.
B.9}) has been already used, duplicate ignored

\AtBegShi@Output ...ipout \box \AtBeginShipoutBox 
                                                  \fi \fi 
l.1126 
        <./fig/gof_l3.png>]
<fig/gof_l4.png, id=1383, 455.0601pt x 312.9291pt>
File: fig/gof_l4.png Graphic file (type png)
<use fig/gof_l4.png>
Package pdftex.def Info: fig/gof_l4.png  used on input line 1129.
(pdftex.def)             Requested size: 361.35136pt x 248.50049pt.
 [90pdfTeX warning (ext4): destination with the same identifier (name{figure.B.
19}) has been already used, duplicate ignored

\AtBegShi@Output ...ipout \box \AtBeginShipoutBox 
                                                  \fi \fi 
l.1133 
        <./fig/cullen_frey_l4.png>]
Overfull \hbox (46.03815pt too wide) in paragraph at lines 1139--1140
[]\OT1/cmr/m/n/12 In Sce-nario NTl, both $\OML/cmm/m/it/12 ^^W$ \OT1/cmr/m/n/12
 and $\OML/cmm/m/it/12 ^^\[]$ \OT1/cmr/m/n/12 are treated as fixed con-stants. 
We let $\OML/cmm/m/it/12 ^^U[] \OMS/cmsy/m/n/12 ^^X \OML/cmm/m/it/12 Lognormal\
OT1/cmr/m/n/12 (\OML/cmm/m/it/12 ^^V[]; ^^[[]\OT1/cmr/m/n/12 )$
 []

[91pdfTeX warning (ext4): destination with the same identifier (name{figure.B.2
0}) has been already used, duplicate ignored

\AtBegShi@Output ...ipout \box \AtBeginShipoutBox 
                                                  \fi \fi 
l.1147 \end{equation*}
                       <./fig/gof_l4.png>]
Overfull \hbox (9.30618pt too wide) in paragraph at lines 1149--1150
\OML/cmm/m/it/12 log\OT1/cmr/m/n/12 (\OML/cmm/m/it/12 c\OT1/cmr/m/n/12 )\OML/cm
m/m/it/12 ; ^^[[]\OT1/cmr/m/n/12 )$. Fi-nally us-ing the same logic as ear-lier
, we con-clude that $\OML/cmm/m/it/12 ^^M[] \OMS/cmsy/m/n/12 ^^X \OML/cmm/m/it/
12 Lognormal\OT1/cmr/m/n/12 (\OML/cmm/m/it/12 ^^V[] \OT1/cmr/m/n/12 +
 []

[92] [93] [94]
<fig/Stein.png, id=1438, 918.43124pt x 349.305pt>
File: fig/Stein.png Graphic file (type png)
<use fig/Stein.png>
Package pdftex.def Info: fig/Stein.png  used on input line 1221.
(pdftex.def)             Requested size: 451.6875pt x 171.78987pt.
 [95 <./fig/Stein.png>] [96pdfTeX warning (ext4): destination with the same ide
ntifier (name{table.B.10}) has been already used, duplicate ignored

\AtBegShi@Output ...ipout \box \AtBeginShipoutBox 
                                                  \fi \fi 
l.1243 \newpage
               ] [97]
Appendix C.
(./Urbisci_Dissertation.bbl [98

] [99

] [100] [101] [102] [103] [104] [105])

Package natbib Warning: There were undefined citations.

Package atveryend Info: Empty hook `BeforeClearDocument' on input line 1276.
[106]
Package atveryend Info: Empty hook `AfterLastShipout' on input line 1276.
 (./Urbisci_Dissertation.aux)
Package atveryend Info: Executing hook `AtVeryEndDocument' on input line 1276.
Package atveryend Info: Executing hook `AtEndAfterFileList' on input line 1276.

Package rerunfilecheck Info: File `Urbisci_Dissertation.out' has not changed.
(rerunfilecheck)             Checksum: BA1699F2FE6D37BDDA9FF0BA865A9E56;1351.


LaTeX Warning: There were undefined references.

Package atveryend Info: Empty hook `AtVeryVeryEnd' on input line 1276.
 ) 
Here is how much of TeX's memory you used:
 8656 strings out of 492649
 130159 string characters out of 6129622
 262135 words of memory out of 5000000
 12041 multiletter control sequences out of 15000+600000
 15182 words of font info for 58 fonts, out of 8000000 for 9000
 1141 hyphenation exceptions out of 8191
 36i,17n,43p,2230b,602s stack positions out of 5000i,500n,10000p,200000b,80000s
pdfTeX warning (dest): name{Hfootnote.1} has been referenced but does not exi
st, replaced by a fixed one

</usr/local/texlive/2018/texmf-dist/fonts/type1/public/amsfonts/cm/cmbx12.pfb><
/usr/local/texlive/2018/texmf-dist/fonts/type1/public/amsfonts/cm/cmbxti10.pfb>
</usr/local/texlive/2018/texmf-dist/fonts/type1/public/amsfonts/cm/cmex10.pfb><
/usr/local/texlive/2018/texmf-dist/fonts/type1/public/amsfonts/cm/cmmi10.pfb></
usr/local/texlive/2018/texmf-dist/fonts/type1/public/amsfonts/cm/cmmi12.pfb></u
sr/local/texlive/2018/texmf-dist/fonts/type1/public/amsfonts/cm/cmmi6.pfb></usr
/local/texlive/2018/texmf-dist/fonts/type1/public/amsfonts/cm/cmmi8.pfb></usr/l
ocal/texlive/2018/texmf-dist/fonts/type1/public/amsfonts/cm/cmr10.pfb></usr/loc
al/texlive/2018/texmf-dist/fonts/type1/public/amsfonts/cm/cmr12.pfb></usr/local
/texlive/2018/texmf-dist/fonts/type1/public/amsfonts/cm/cmr17.pfb></usr/local/t
exlive/2018/texmf-dist/fonts/type1/public/amsfonts/cm/cmr6.pfb></usr/local/texl
ive/2018/texmf-dist/fonts/type1/public/amsfonts/cm/cmr7.pfb></usr/local/texlive
/2018/texmf-dist/fonts/type1/public/amsfonts/cm/cmr8.pfb></usr/local/texlive/20
18/texmf-dist/fonts/type1/public/amsfonts/cm/cmss10.pfb></usr/local/texlive/201
8/texmf-dist/fonts/type1/public/amsfonts/cm/cmsy10.pfb></usr/local/texlive/2018
/texmf-dist/fonts/type1/public/amsfonts/cm/cmsy6.pfb></usr/local/texlive/2018/t
exmf-dist/fonts/type1/public/amsfonts/cm/cmsy8.pfb></usr/local/texlive/2018/tex
mf-dist/fonts/type1/public/amsfonts/cm/cmti10.pfb></usr/local/texlive/2018/texm
f-dist/fonts/type1/public/amsfonts/cm/cmti12.pfb></usr/local/texlive/2018/texmf
-dist/fonts/type1/public/amsfonts/cm/cmtt12.pfb>
Output written on Urbisci_Dissertation.pdf (119 pages, 1673092 bytes).
PDF statistics:
 1659 PDF objects out of 1728 (max. 8388607)
 1437 compressed objects within 15 object streams
 327 named destinations out of 1000 (max. 500000)
 334 words of extra memory for PDF output out of 10000 (max. 10000000)

